#
# A fatal error has been detected by the Java Runtime Environment:
#
#  EXCEPTION_ACCESS_VIOLATION (0xc0000005) at pc=0x00007ffb569fda12, pid=6284, tid=15260
#
# JRE version: OpenJDK Runtime Environment (24.0+36) (build 24+36-3646)
# Java VM: OpenJDK 64-Bit Server VM (24+36-3646, mixed mode, sharing, tiered, compressed oops, compressed class ptrs, g1 gc, windows-amd64)
# Problematic frame:
# V  [jvm.dll+0x77da12]
#
# No core dump will be written. Minidumps are not enabled by default on client versions of Windows
#
# If you would like to submit a bug report, please visit:
#   https://bugreport.java.com/bugreport/crash.jsp
#

---------------  S U M M A R Y ------------

Command Line: -javaagent:C:\Program Files\JetBrains\IntelliJ IDEA Community Edition 2025.1\lib\idea_rt.jar=54009 -Dfile.encoding=UTF-8 -Dsun.stdout.encoding=UTF-8 -Dsun.stderr.encoding=UTF-8 Movie.Booking.BookingApplication

Host: Intel(R) Core(TM) i5-8350U CPU @ 1.70GHz, 8 cores, 15G,  Windows 11 , 64 bit Build 26100 (10.0.26100.1882)
Time: Tue Apr 22 07:06:00 2025 India Standard Time elapsed time: 12.763455 seconds (0d 0h 0m 12s)

---------------  T H R E A D  ---------------

Current thread (0x000002975de482a0):  JavaThread "C2 CompilerThread2" daemon [_thread_in_native, id=15260, stack(0x000000d6ddb00000,0x000000d6ddc00000) (1024K)]


Current CompileTask:
C2:12763 5211       4       org.springframework.core.annotation.TypeMappedAnnotations::get (52 bytes)

Stack: [0x000000d6ddb00000,0x000000d6ddc00000],  sp=0x000000d6ddbfc480,  free space=1009k
Native frames: (J=compiled Java code, j=interpreted, Vv=VM code, C=native code)
V  [jvm.dll+0x77da12]  (no source info available)
V  [jvm.dll+0x205d0a]  (no source info available)
V  [jvm.dll+0x26f7b0]  (no source info available)
V  [jvm.dll+0x26e9ff]  (no source info available)
V  [jvm.dll+0x1e9d00]  (no source info available)
V  [jvm.dll+0x27e1bb]  (no source info available)
V  [jvm.dll+0x27c45a]  (no source info available)
V  [jvm.dll+0x42f566]  (no source info available)
V  [jvm.dll+0x87d8fb]  (no source info available)
V  [jvm.dll+0x72efe5]  (no source info available)
C  [ucrtbase.dll+0x14ea0]  (no source info available)
C  [KERNEL32.DLL+0x2dbe7]  (no source info available)
C  [ntdll.dll+0x85a4c]  (no source info available)


siginfo: EXCEPTION_ACCESS_VIOLATION (0xc0000005), reading address 0x000000000000002c


Registers:
RAX=0x000002975f1e1f20, RBX=0x0000000000000000, RCX=0x0000000000000004, RDX=0x0000000000000001
RSP=0x000000d6ddbfc480, RBP=0x000000d6ddbfc580, RSI=0x000002975b710c30, RDI=0x0000000000000001
R8 =0x0000000000000020, R9 =0x00000000003ffffe, R10=0x0000000000000004, R11=0x0000000000000000
R12=0x0000000000000000, R13=0x0000000000000000, R14=0x0000000000000000, R15=0x0000000000000000
RIP=0x00007ffb569fda12, EFLAGS=0x0000000000010202

XMM[0]=0x0000000000000000 0x0000000000000000
XMM[1]=0x000002975d0e4918 0x000002975d0e42c8
XMM[2]=0x00000297604c46e8 0x00000297604c3c38
XMM[3]=0x0000000000000000 0x0000000000000000
XMM[4]=0x0000000000000000 0x0000000000000000
XMM[5]=0x000002975ef956f8 0x000002975e4b2430
XMM[6]=0x0000000000000000 0x000000d6ddbfc970
XMM[7]=0x000002975dcf1a90 0x00000bec00000000
XMM[8]=0x0000000000000000 0x4087700000000000
XMM[9]=0x0000000000000000 0x0000000000000000
XMM[10]=0x0000000000000000 0x0000000000000000
XMM[11]=0x0000000000000000 0x0000000000000000
XMM[12]=0x0000000000000000 0x0000000000000000
XMM[13]=0x0000000000000000 0x0000000000000000
XMM[14]=0x0000000000000000 0x0000000000000000
XMM[15]=0x0000000000000000 0x0000000000000000
  MXCSR=0x00001fa0


Register to memory mapping:

RAX=0x000002975f1e1f20 points into unknown readable memory: 0x000002975f1e1ee0 | e0 1e 1e 5f 97 02 00 00
RBX=0x0 is null
RCX=0x0000000000000004 is an unknown value
RDX=0x0000000000000001 is an unknown value
RSP=0x000000d6ddbfc480 is pointing into the stack for thread: 0x000002975de482a0
RBP=0x000000d6ddbfc580 is pointing into the stack for thread: 0x000002975de482a0
RSI=0x000002975b710c30 points into unknown readable memory: 0x000002975c3ee900 | 00 e9 3e 5c 97 02 00 00
RDI=0x0000000000000001 is an unknown value
R8 =0x0000000000000020 is an unknown value
R9 =0x00000000003ffffe is an unknown value
R10=0x0000000000000004 is an unknown value
R11=0x0 is null
R12=0x0 is null
R13=0x0 is null
R14=0x0 is null
R15=0x0 is null

Top of Stack: (sp=0x000000d6ddbfc480)
0x000000d6ddbfc480:   0000000000000000 00000000000000ca   ................
0x000000d6ddbfc490:   0000000000067188 000000d6ddbfc580   .q..............
0x000000d6ddbfc4a0:   000002975ef95398 0000029700000001   .S.^............
0x000000d6ddbfc4b0:   0000029700001d2d 000000d6ddbfc501   -...............
0x000000d6ddbfc4c0:   0000029700000001 000000d6ddbfc550   ........P.......
0x000000d6ddbfc4d0:   00000000000000cb 0000000000000000   ................
0x000000d6ddbfc4e0:   000002975f1e1f50 00000bec00000002   P.._............
0x000000d6ddbfc4f0:   0000000200000001 0000000000000000   ................
0x000000d6ddbfc500:   000002975f1e1f68 000000d6000000d7   h.._............
0x000000d6ddbfc510:   000002975dceeae0 00007ffb00000000   ...]............
0x000000d6ddbfc520:   00000bec00000000 000002975dcf1a90   ...........]....
0x000000d6ddbfc530:   000000d6ddbfc970 ffffffff00000000   p...............
0x000000d6ddbfc540:   000002975d691f98 00007ffb56673a50   ..i]....P:gV....
0x000000d6ddbfc550:   00000bec00000000 000002975dcf1a90   ...........]....
0x000000d6ddbfc560:   000000d6ddbfc970 000000000000ffff   p...............
0x000000d6ddbfc570:   000004aa00000000 000002975d692650   ........P&i]....
0x000000d6ddbfc580:   0000000000068158 00000000000000b8   X...............
0x000000d6ddbfc590:   000002975b928468 000002976053fcf0   h..[......S`....
0x000000d6ddbfc5a0:   00000bec000000d7 000002975dceeae0   ...........]....
0x000000d6ddbfc5b0:   000000d6ddbfc970 000002975d019150   p.......P..]....
0x000000d6ddbfc5c0:   0000029700000001 000002975b925710   .........W.[....
0x000000d6ddbfc5d0:   000002975d0161a0 00000000000000ca   .a.]............
0x000000d6ddbfc5e0:   0000000000000000 000002975f3eae20   ........ .>_....
0x000000d6ddbfc5f0:   00000000000003d8 000002975f3eae30   ........0.>_....
0x000000d6ddbfc600:   000002975f3eb208 00000000000000d7   ..>_............
0x000000d6ddbfc610:   000002975f1e1f68 000002975b928b20   h.._.... ..[....
0x000000d6ddbfc620:   000000d6ddbfc970 0000000900000200   p...............
0x000000d6ddbfc630:   000002975cdf4910 0000000000000000   .I.\............
0x000000d6ddbfc640:   000000d30000013c 000000d6ddbfc970   <.......p.......
0x000000d6ddbfc650:   0000000000000400 000002975cdf5910   .........Y.\....
0x000000d6ddbfc660:   0000000100000a3f 0000000b00000231   ?.......1.......
0x000000d6ddbfc670:   000000d6ddbfc970 000002975f3eae20   p....... .>_....

Instructions: (pc=0x00007ffb569fda12)
  0x00007ffb569fd912:   4d 90 48 98 8b 0c 81 49 8b 42 70 48 69 d9 b8 00
  0x00007ffb569fd922:   00 00 89 4c 24 70 48 8b 48 20 48 89 5d 08 48 8b
  0x00007ffb569fd932:   4c 19 18 48 83 f9 ff 74 3a 4c 8b ea 48 89 55 80
  0x00007ffb569fd942:   e8 59 ea f8 ff 4c 8b 95 60 02 00 00 84 c0 74 23
  0x00007ffb569fd952:   49 8b 42 70 4c 8d 6f 18 4c 89 6d 80 48 8b 48 20
  0x00007ffb569fd962:   48 8b 44 19 18 4b 89 04 e6 43 c6 04 3c 01 e9 4b
  0x00007ffb569fd972:   05 00 00 49 8b 42 48 45 32 ff ba 01 00 00 00 44
  0x00007ffb569fd982:   88 7d f0 48 8b cf 48 8b b0 88 00 00 00 e8 9c 29
  0x00007ffb569fd992:   00 00 44 8b 75 98 8b 48 28 48 8b 04 ce 8b 48 5c
  0x00007ffb569fd9a2:   48 8b 45 38 48 8b 04 c8 4a 8b 1c e0 48 8b 45 48
  0x00007ffb569fd9b2:   4c 8b e3 48 8b 04 c8 48 8b 4c 24 60 41 0f b6 3c
  0x00007ffb569fd9c2:   06 40 88 bd 78 02 00 00 e8 f1 83 9d ff 83 f8 02
  0x00007ffb569fd9d2:   0f 86 ae 00 00 00 45 8b 55 00 83 c0 fe 4c 8b 5c
  0x00007ffb569fd9e2:   24 78 41 b8 10 00 00 00 44 8b 6d f0 44 8b c8 45
  0x00007ffb569fd9f2:   85 d2 74 0e 48 8b 44 24 60 48 8b 40 20 48 8b 00
  0x00007ffb569fda02:   eb 02 33 c0 48 8b 40 08 45 0f b6 ff 4a 8b 0c 00
=>0x00007ffb569fda12:   8b 41 28 48 8b 0c c6 48 8b 45 38 8b 51 5c 48 8b
  0x00007ffb569fda22:   04 d0 4a 8b 0c d8 48 8b 45 48 48 3b d9 48 8b 04
  0x00007ffb569fda32:   d0 41 0f b6 14 06 b8 01 00 00 00 44 0f 45 f8 48
  0x00007ffb569fda42:   85 db 74 10 48 85 c9 74 0b 40 3a fa 45 0f b6 ed
  0x00007ffb569fda52:   44 0f 45 e8 48 8b d9 0f b6 fa 4d 85 e4 75 0e 48
  0x00007ffb569fda62:   85 c9 74 09 4c 8b e1 88 95 78 02 00 00 49 83 c0
  0x00007ffb569fda72:   08 4c 2b c8 0f 85 75 ff ff ff 44 89 6d f0 4c 8b
  0x00007ffb569fda82:   6d 80 eb 05 b8 01 00 00 00 48 8b 7c 24 60 44 8b
  0x00007ffb569fda92:   f0 4c 89 6d 00 4c 8d 47 20 0f 1f 44 00 00 48 8b
  0x00007ffb569fdaa2:   75 80 4d 8b e8 8b 5f 30 ff cb 3b 1e 73 09 49 8b
  0x00007ffb569fdab2:   00 48 8b 3c d8 eb 02 33 ff 48 8b 07 48 8b cf ff
  0x00007ffb569fdac2:   50 20 48 3b c7 48 8b 7c 24 60 74 03 2b 5f 58 44
  0x00007ffb569fdad2:   3b f3 77 6f 44 3b 36 73 10 49 8b 45 00 4d 8b c5
  0x00007ffb569fdae2:   41 8b ce 48 8b 34 c8 eb 06 33 f6 4c 8d 47 20 8b
  0x00007ffb569fdaf2:   46 2c 83 e0 0f 3c 0c 75 4a 48 8b 85 60 02 00 00
  0x00007ffb569fdb02:   4c 8b 4d 90 48 63 56 28 48 8b 88 08 01 00 00 48


Stack slot to memory mapping:

stack at sp + 0 slots: 0x0 is null
stack at sp + 1 slots: 0x00000000000000ca is an unknown value
stack at sp + 2 slots: 0x0000000000067188 is an unknown value
stack at sp + 3 slots: 0x000000d6ddbfc580 is pointing into the stack for thread: 0x000002975de482a0
stack at sp + 4 slots: 0x000002975ef95398 points into unknown readable memory: 0x00007ffb56bfd9a8 | a8 d9 bf 56 fb 7f 00 00
stack at sp + 5 slots: 0x0000029700000001 points into unknown readable memory: 00 00 00 01 00 00 00
stack at sp + 6 slots: 0x0000029700001d2d is at entry_point+-709 in (nmethod*)0x0000029700001c88
Compiled method (c1) 13053 4692       3       java.lang.String::split (242 bytes)
 total in heap  [0x0000029700001c88,0x0000029700004988] = 11520
 relocation     [0x0000029700001d60,0x0000029700001fd0] = 624
 main code      [0x0000029700001fe0,0x0000029700004870] = 10384
 stub code      [0x0000029700004870,0x0000029700004908] = 152
 metadata       [0x0000029700004908,0x0000029700004988] = 128
 immutable data [0x000002975b390510,0x000002975b391140] = 3120
 dependencies   [0x000002975b390510,0x000002975b390538] = 40
 nul chk table  [0x000002975b390538,0x000002975b390600] = 200
 scopes pcs     [0x000002975b390600,0x000002975b390b30] = 1328
 scopes data    [0x000002975b390b30,0x000002975b391140] = 1552
stack at sp + 7 slots: 0x000000d6ddbfc501 is pointing into the stack for thread: 0x000002975de482a0

Lock stack of current Java thread (top to bottom):


---------------  P R O C E S S  ---------------

Threads class SMR info:
_java_thread_list=0x000002975c4bcbf0, length=22, elements={
0x00000297745b5900, 0x0000029715e84f50, 0x0000029715e85690, 0x0000029715e8a0c0,
0x0000029715e8c810, 0x0000029715e8dac0, 0x0000029715e8eea0, 0x0000029715ea5ed0,
0x0000029715e92160, 0x000002975b098010, 0x000002975b348c30, 0x000002975b349370,
0x000002975bc814d0, 0x000002975bc853d0, 0x000002975c2c5bf0, 0x000002975c2c6340,
0x000002975c2c4600, 0x000002975e41d960, 0x000002975e41cac0, 0x000002975e41f6a0,
0x000002975de46460, 0x000002975de482a0
}

Java Threads: ( => current thread )
  0x00000297745b5900 JavaThread "main"                              [_thread_blocked, id=3732, stack(0x000000d6dc500000,0x000000d6dc600000) (1024K)]
  0x0000029715e84f50 JavaThread "Reference Handler"          daemon [_thread_blocked, id=8088, stack(0x000000d6dcd00000,0x000000d6dce00000) (1024K)]
  0x0000029715e85690 JavaThread "Finalizer"                  daemon [_thread_blocked, id=2320, stack(0x000000d6dce00000,0x000000d6dcf00000) (1024K)]
  0x0000029715e8a0c0 JavaThread "Signal Dispatcher"          daemon [_thread_blocked, id=2696, stack(0x000000d6dcf00000,0x000000d6dd000000) (1024K)]
  0x0000029715e8c810 JavaThread "Attach Listener"            daemon [_thread_blocked, id=8780, stack(0x000000d6dd000000,0x000000d6dd100000) (1024K)]
  0x0000029715e8dac0 JavaThread "Service Thread"             daemon [_thread_blocked, id=11528, stack(0x000000d6dd100000,0x000000d6dd200000) (1024K)]
  0x0000029715e8eea0 JavaThread "Monitor Deflation Thread"   daemon [_thread_blocked, id=11624, stack(0x000000d6dd200000,0x000000d6dd300000) (1024K)]
  0x0000029715ea5ed0 JavaThread "C2 CompilerThread0"         daemon [_thread_in_native, id=14948, stack(0x000000d6dd300000,0x000000d6dd400000) (1024K)]
  0x0000029715e92160 JavaThread "C1 CompilerThread0"         daemon [_thread_blocked, id=11132, stack(0x000000d6dd400000,0x000000d6dd500000) (1024K)]
  0x000002975b098010 JavaThread "Common-Cleaner"             daemon [_thread_blocked, id=2488, stack(0x000000d6dd500000,0x000000d6dd600000) (1024K)]
  0x000002975b348c30 JavaThread "Monitor Ctrl-Break"         daemon [_thread_in_native, id=8032, stack(0x000000d6dd700000,0x000000d6dd800000) (1024K)]
  0x000002975b349370 JavaThread "Notification Thread"        daemon [_thread_blocked, id=12472, stack(0x000000d6dd800000,0x000000d6dd900000) (1024K)]
  0x000002975bc814d0 JavaThread "Thread-0"                          [_thread_blocked, id=10820, stack(0x000000d6dd900000,0x000000d6dda00000) (1024K)]
  0x000002975bc853d0 JavaThread "restartedMain"                     [_thread_in_Java, id=12580, stack(0x000000d6dda00000,0x000000d6ddb00000) (1024K)]
  0x000002975c2c5bf0 JavaThread "Catalina-utility-1"                [_thread_blocked, id=3444, stack(0x000000d6de400000,0x000000d6de500000) (1024K)]
  0x000002975c2c6340 JavaThread "Catalina-utility-2"                [_thread_blocked, id=13396, stack(0x000000d6de500000,0x000000d6de600000) (1024K)]
  0x000002975c2c4600 JavaThread "container-0"                       [_thread_blocked, id=14692, stack(0x000000d6de600000,0x000000d6de700000) (1024K)]
  0x000002975e41d960 JavaThread "mysql-cj-abandoned-connection-cleanup" daemon [_thread_blocked, id=1476, stack(0x000000d6de700000,0x000000d6de800000) (1024K)]
  0x000002975e41cac0 JavaThread "HikariPool-1 housekeeper"   daemon [_thread_blocked, id=9972, stack(0x000000d6de900000,0x000000d6dea00000) (1024K)]
  0x000002975e41f6a0 JavaThread "HikariPool-1 connection adder" daemon [_thread_blocked, id=13384, stack(0x000000d6dea00000,0x000000d6deb00000) (1024K)]
  0x000002975de46460 JavaThread "C2 CompilerThread1"         daemon [_thread_in_native, id=14424, stack(0x000000d6dd600000,0x000000d6dd700000) (1024K)]
=>0x000002975de482a0 JavaThread "C2 CompilerThread2"         daemon [_thread_in_native, id=15260, stack(0x000000d6ddb00000,0x000000d6ddc00000) (1024K)]
Total: 22

Other Threads:
  0x0000029715e77950 VMThread "VM Thread"                           [id=4620, stack(0x000000d6dcc00000,0x000000d6dcd00000) (1024K)]
  0x0000029715d44f90 WatcherThread "VM Periodic Task Thread"        [id=13440, stack(0x000000d6dcb00000,0x000000d6dcc00000) (1024K)]
  0x000002977461e580 WorkerThread "GC Thread#0"                     [id=10920, stack(0x000000d6dc600000,0x000000d6dc700000) (1024K)]
  0x000002975c03e520 WorkerThread "GC Thread#1"                     [id=14864, stack(0x000000d6ddc00000,0x000000d6ddd00000) (1024K)]
  0x000002975c012c20 WorkerThread "GC Thread#2"                     [id=7488, stack(0x000000d6ddd00000,0x000000d6dde00000) (1024K)]
  0x000002975c012fd0 WorkerThread "GC Thread#3"                     [id=13436, stack(0x000000d6dde00000,0x000000d6ddf00000) (1024K)]
  0x000002975c012870 WorkerThread "GC Thread#4"                     [id=11028, stack(0x000000d6ddf00000,0x000000d6de000000) (1024K)]
  0x000002975c011600 WorkerThread "GC Thread#5"                     [id=13344, stack(0x000000d6de000000,0x000000d6de100000) (1024K)]
  0x000002975c012110 WorkerThread "GC Thread#6"                     [id=9612, stack(0x000000d6de100000,0x000000d6de200000) (1024K)]
  0x000002975c0119b0 WorkerThread "GC Thread#7"                     [id=9120, stack(0x000000d6de200000,0x000000d6de300000) (1024K)]
  0x00000297746340b0 ConcurrentGCThread "G1 Main Marker"            [id=1912, stack(0x000000d6dc700000,0x000000d6dc800000) (1024K)]
  0x0000029774636270 WorkerThread "G1 Conc#0"                       [id=6316, stack(0x000000d6dc800000,0x000000d6dc900000) (1024K)]
  0x000002975c6ce940 WorkerThread "G1 Conc#1"                       [id=13172, stack(0x000000d6de300000,0x000000d6de400000) (1024K)]
  0x0000029715d231e0 ConcurrentGCThread "G1 Refine#0"               [id=14416, stack(0x000000d6dc900000,0x000000d6dca00000) (1024K)]
  0x0000029715d24b10 ConcurrentGCThread "G1 Service"                [id=8176, stack(0x000000d6dca00000,0x000000d6dcb00000) (1024K)]
Total: 15

Threads with active compile tasks:
C2 CompilerThread0  13057 5183       4       org.springframework.beans.factory.support.AbstractBeanFactory::isTypeMatch (745 bytes)
C2 CompilerThread1  13057 5255       4       org.springframework.core.ResolvableType::forType (112 bytes)
C2 CompilerThread2  13057 5211       4       org.springframework.core.annotation.TypeMappedAnnotations::get (52 bytes)
Total: 3

VM state: not at safepoint (normal execution)

VM Mutex/Monitor currently owned by a thread: None

Heap address: 0x0000000702600000, size: 4058 MB, Compressed Oops mode: Zero based, Oop shift amount: 3

CDS archive(s) mapped at: [0x0000029716000000-0x0000029716d40000-0x0000029716d40000), size 13893632, SharedBaseAddress: 0x0000029716000000, ArchiveRelocationMode: 1.
Compressed class space mapped at: 0x0000029717000000-0x0000029757000000, reserved size: 1073741824
UseCompressedClassPointers 1, UseCompactObjectHeaders 0
Narrow klass pointer bits 32, Max shift 3
Narrow klass base: 0x0000029716000000, Narrow klass shift: 0
Encoding Range: [0x0000029716000000 - 0x0000029816000000), (4294967296 bytes)
Klass Range:    [0x0000029716000000 - 0x0000029757000000), (1090519040 bytes)
Klass ID Range:  [8 - 1090519033) (1090519025)

GC Precious Log:
 CardTable entry size: 512
 Card Set container configuration: InlinePtr #cards 4 size 8 Array Of Cards #cards 16 size 48 Howl #buckets 8 coarsen threshold 3686 Howl Bitmap #cards 512 size 80 coarsen threshold 460 Card regions per heap region 1 cards per card region 4096
 CPUs: 8 total, 8 available
 Memory: 16227M
 Large Page Support: Disabled
 NUMA Support: Disabled
 Compressed Oops: Enabled (Zero based)
 Heap Region Size: 2M
 Heap Min Capacity: 8M
 Heap Initial Capacity: 254M
 Heap Max Capacity: 4058M
 Pre-touch: Disabled
 Parallel Workers: 8
 Concurrent Workers: 2
 Concurrent Refinement Workers: 8
 Periodic GC: Disabled

Heap:
 garbage-first heap   total reserved 4155392K, committed 75776K, used 41909K [0x0000000702600000, 0x0000000800000000)
  region size 2048K, 13 young (26624K), 3 survivors (6144K)
 Metaspace       used 52958K, committed 53440K, reserved 1114112K
  class space    used 5546K, committed 5760K, reserved 1048576K

Heap Regions: E=young(eden), S=young(survivor), O=old, HS=humongous(starts), HC=humongous(continues), CS=collection set, F=free, TAMS=top-at-mark-start, PB=parsable bottom
|   0|0x0000000702600000, 0x0000000702800000, 0x0000000702800000|100%| O|  |TAMS 0x0000000702600000| PB 0x0000000702600000| Untracked |  0
|   1|0x0000000702800000, 0x0000000702808000, 0x0000000702a00000|  1%| O|Cm|TAMS 0x0000000702800000| PB 0x0000000702800000| Complete |  0
|   2|0x0000000702a00000, 0x0000000702c00000, 0x0000000702c00000|100%| O|  |TAMS 0x0000000702a00000| PB 0x0000000702a00000| Untracked |  0
|   3|0x0000000702c00000, 0x0000000702e00000, 0x0000000702e00000|100%| O|  |TAMS 0x0000000702c00000| PB 0x0000000702c00000| Untracked |  0
|   4|0x0000000702e00000, 0x0000000703000000, 0x0000000703000000|100%| O|  |TAMS 0x0000000702e00000| PB 0x0000000702e00000| Untracked |  0
|   5|0x0000000703000000, 0x00000007031540c0, 0x0000000703200000| 66%| O|  |TAMS 0x0000000703000000| PB 0x0000000703000000| Untracked |  0
|   6|0x0000000703200000, 0x0000000703200000, 0x0000000703400000|  0%| F|  |TAMS 0x0000000703200000| PB 0x0000000703200000| Untracked |  0
|   7|0x0000000703400000, 0x0000000703400000, 0x0000000703600000|  0%| F|  |TAMS 0x0000000703400000| PB 0x0000000703400000| Untracked |  0
|   8|0x0000000703600000, 0x0000000703600000, 0x0000000703800000|  0%| F|  |TAMS 0x0000000703600000| PB 0x0000000703600000| Untracked |  0
|   9|0x0000000703800000, 0x0000000703800000, 0x0000000703a00000|  0%| F|  |TAMS 0x0000000703800000| PB 0x0000000703800000| Untracked |  0
|  10|0x0000000703a00000, 0x0000000703b916d0, 0x0000000703c00000| 78%| S|CS|TAMS 0x0000000703a00000| PB 0x0000000703a00000| Complete |  0
|  11|0x0000000703c00000, 0x0000000703e00000, 0x0000000703e00000|100%| S|CS|TAMS 0x0000000703c00000| PB 0x0000000703c00000| Complete |  0
|  12|0x0000000703e00000, 0x0000000704000000, 0x0000000704000000|100%| S|CS|TAMS 0x0000000703e00000| PB 0x0000000703e00000| Complete |  0
|  13|0x0000000704000000, 0x0000000704000000, 0x0000000704200000|  0%| F|  |TAMS 0x0000000704000000| PB 0x0000000704000000| Untracked |  0
|  14|0x0000000704200000, 0x0000000704200000, 0x0000000704400000|  0%| F|  |TAMS 0x0000000704200000| PB 0x0000000704200000| Untracked |  0
|  15|0x0000000704400000, 0x0000000704400000, 0x0000000704600000|  0%| F|  |TAMS 0x0000000704400000| PB 0x0000000704400000| Untracked |  0
|  16|0x0000000704600000, 0x0000000704600000, 0x0000000704800000|  0%| F|  |TAMS 0x0000000704600000| PB 0x0000000704600000| Untracked |  0
|  17|0x0000000704800000, 0x0000000704800000, 0x0000000704a00000|  0%| F|  |TAMS 0x0000000704800000| PB 0x0000000704800000| Untracked |  0
|  18|0x0000000704a00000, 0x0000000704a00000, 0x0000000704c00000|  0%| F|  |TAMS 0x0000000704a00000| PB 0x0000000704a00000| Untracked |  0
|  19|0x0000000704c00000, 0x0000000704c00000, 0x0000000704e00000|  0%| F|  |TAMS 0x0000000704c00000| PB 0x0000000704c00000| Untracked |  0
|  20|0x0000000704e00000, 0x0000000704e00000, 0x0000000705000000|  0%| F|  |TAMS 0x0000000704e00000| PB 0x0000000704e00000| Untracked |  0
|  21|0x0000000705000000, 0x0000000705000000, 0x0000000705200000|  0%| F|  |TAMS 0x0000000705000000| PB 0x0000000705000000| Untracked |  0
|  22|0x0000000705200000, 0x0000000705200000, 0x0000000705400000|  0%| F|  |TAMS 0x0000000705200000| PB 0x0000000705200000| Untracked |  0
|  23|0x0000000705400000, 0x00000007055b83d8, 0x0000000705600000| 85%| E|  |TAMS 0x0000000705400000| PB 0x0000000705400000| Complete |  0
|  24|0x0000000705600000, 0x0000000705800000, 0x0000000705800000|100%| E|CS|TAMS 0x0000000705600000| PB 0x0000000705600000| Complete |  0
|  25|0x0000000705800000, 0x0000000705a00000, 0x0000000705a00000|100%| E|CS|TAMS 0x0000000705800000| PB 0x0000000705800000| Complete |  0
|  26|0x0000000705a00000, 0x0000000705c00000, 0x0000000705c00000|100%| E|CS|TAMS 0x0000000705a00000| PB 0x0000000705a00000| Complete |  0
|  95|0x000000070e400000, 0x000000070e600000, 0x000000070e600000|100%| E|CS|TAMS 0x000000070e400000| PB 0x000000070e400000| Complete |  0
|  96|0x000000070e600000, 0x000000070e800000, 0x000000070e800000|100%| E|CS|TAMS 0x000000070e600000| PB 0x000000070e600000| Complete |  0
|  97|0x000000070e800000, 0x000000070ea00000, 0x000000070ea00000|100%| E|CS|TAMS 0x000000070e800000| PB 0x000000070e800000| Complete |  0
|  98|0x000000070ea00000, 0x000000070ec00000, 0x000000070ec00000|100%| E|CS|TAMS 0x000000070ea00000| PB 0x000000070ea00000| Complete |  0
| 103|0x000000070f400000, 0x000000070f600000, 0x000000070f600000|100%| E|CS|TAMS 0x000000070f400000| PB 0x000000070f400000| Complete |  0
|2024|0x00000007ff600000, 0x00000007ff800000, 0x00000007ff800000|100%| O|  |TAMS 0x00000007ff600000| PB 0x00000007ff600000| Untracked |  0
|2025|0x00000007ff800000, 0x00000007ffa00000, 0x00000007ffa00000|100%| O|  |TAMS 0x00000007ff800000| PB 0x00000007ff800000| Untracked |  0
|2026|0x00000007ffa00000, 0x00000007ffc00000, 0x00000007ffc00000|100%| O|  |TAMS 0x00000007ffa00000| PB 0x00000007ffa00000| Untracked |  0
|2027|0x00000007ffc00000, 0x00000007ffe00000, 0x00000007ffe00000|100%| O|  |TAMS 0x00000007ffc00000| PB 0x00000007ffc00000| Untracked |  0
|2028|0x00000007ffe00000, 0x0000000800000000, 0x0000000800000000|100%| E|CS|TAMS 0x00000007ffe00000| PB 0x00000007ffe00000| Complete |  0

Card table byte_map: [0x000002970f000000,0x000002970f7f0000] _byte_map_base: 0x000002970b7ed000

Marking Bits: (CMBitMap*) 0x000002977461eb90
 Bits: [0x000002970f7f0000, 0x0000029713758000)

Polling page: 0x0000029775f40000

Metaspace:

Usage:
  Non-class:     46.31 MB used.
      Class:      5.42 MB used.
       Both:     51.73 MB used.

Virtual space:
  Non-class space:       64.00 MB reserved,      46.56 MB ( 73%) committed,  1 nodes.
      Class space:        1.00 GB reserved,       5.62 MB ( <1%) committed,  1 nodes.
             Both:        1.06 GB reserved,      52.19 MB (  5%) committed. 

Chunk freelists:
   Non-Class:  640.00 KB
       Class:  10.39 MB
        Both:  11.02 MB

MaxMetaspaceSize: unlimited
CompressedClassSpaceSize: 1.00 GB
Initial GC threshold: 21.00 MB
Current GC threshold: 59.06 MB
CDS: on
 - commit_granule_bytes: 65536.
 - commit_granule_words: 8192.
 - virtual_space_node_default_size: 8388608.
 - enlarge_chunks_in_place: 1.
UseCompressedClassPointers 1, UseCompactObjectHeaders 0
Narrow klass pointer bits 32, Max shift 3
Narrow klass base: 0x0000029716000000, Narrow klass shift: 0
Encoding Range: [0x0000029716000000 - 0x0000029816000000), (4294967296 bytes)
Klass Range:    [0x0000029716000000 - 0x0000029757000000), (1090519040 bytes)
Klass ID Range:  [8 - 1090519033) (1090519025)


Internal statistics:

num_allocs_failed_limit: 6.
num_arena_births: 542.
num_arena_deaths: 0.
num_vsnodes_births: 2.
num_vsnodes_deaths: 0.
num_space_committed: 835.
num_space_uncommitted: 0.
num_chunks_returned_to_freelist: 6.
num_chunks_taken_from_freelist: 2238.
num_chunk_merges: 6.
num_chunk_splits: 1635.
num_chunks_enlarged: 1337.
num_inconsistent_stats: 0.

CodeHeap 'non-profiled nmethods': size=120064Kb used=2467Kb max_used=2467Kb free=117596Kb
 bounds [0x0000029707ac0000, 0x0000029707d30000, 0x000002970f000000]
CodeHeap 'profiled nmethods': size=120000Kb used=8772Kb max_used=8772Kb free=111227Kb
 bounds [0x0000029700000000, 0x00000297008a0000, 0x0000029707530000]
CodeHeap 'non-nmethods': size=5696Kb used=1493Kb max_used=1553Kb free=4202Kb
 bounds [0x0000029707530000, 0x00000297077a0000, 0x0000029707ac0000]
CodeCache: size=245760Kb, used=12732Kb, max_used=12792Kb, free=233025Kb
 total_blobs=5606, nmethods=4950, adapters=561, full_count=0
Compilation: enabled, stopped_count=0, restarted_count=0

Compilation events (20 events):
Event: 12.638 Thread 0x0000029715e92160 5394       2       java.lang.ThreadLocal::remove (8 bytes)
Event: 12.638 Thread 0x0000029715e92160 nmethod 5394 0x0000029700883208 code [0x0000029700883340, 0x00000297008834c0]
Event: 12.638 Thread 0x0000029715e92160 5391       2       org.springframework.aop.framework.autoproxy.AbstractAutoProxyCreator::isInfrastructureClass (78 bytes)
Event: 12.639 Thread 0x0000029715e92160 nmethod 5391 0x0000029700883508 code [0x0000029700883680, 0x0000029700883978]
Event: 12.639 Thread 0x0000029715e92160 5395       1       org.springframework.beans.factory.config.BeanDefinitionHolder::getBeanName (5 bytes)
Event: 12.639 Thread 0x0000029715e92160 nmethod 5395 0x0000029707d1bc88 code [0x0000029707d1bd80, 0x0000029707d1be48]
Event: 12.649 Thread 0x0000029715e92160 5396       2       org.springframework.aop.aspectj.autoproxy.AspectJAwareAdvisorAutoProxyCreator::shouldSkip (74 bytes)
Event: 12.650 Thread 0x0000029715e92160 nmethod 5396 0x0000029700883a08 code [0x0000029700883ba0, 0x0000029700883f70]
Event: 12.650 Thread 0x0000029715e92160 5397       2       org.springframework.aop.framework.autoproxy.AbstractAutoProxyCreator::shouldSkip (6 bytes)
Event: 12.650 Thread 0x0000029715e92160 nmethod 5397 0x0000029700884008 code [0x0000029700884120, 0x0000029700884240]
Event: 12.705 Thread 0x0000029715e92160 5398   !   2       org.springframework.aop.framework.autoproxy.BeanFactoryAdvisorRetrievalHelper::findAdvisorBeans (242 bytes)
Event: 12.708 Thread 0x0000029715e92160 nmethod 5398 0x0000029700884308 code [0x00000297008845a0, 0x0000029700885378]
Event: 12.708 Thread 0x0000029715e92160 5402   !   2       org.springframework.aop.aspectj.annotation.BeanFactoryAspectJAdvisorsBuilder::buildAspectJAdvisors (515 bytes)
Event: 12.712 Thread 0x0000029715e92160 nmethod 5402 0x0000029700885488 code [0x00000297008858a0, 0x0000029700886f00]
Event: 12.712 Thread 0x0000029715e92160 5399       2       org.springframework.aop.framework.autoproxy.AbstractAdvisorAutoProxyCreator$BeanFactoryAdvisorRetrievalHelperAdapter::isEligibleBean (9 bytes)
Event: 12.713 Thread 0x0000029715e92160 nmethod 5399 0x0000029700887008 code [0x0000029700887120, 0x0000029700887238]
Event: 12.715 Thread 0x0000029715e92160 5400       2       org.springframework.beans.factory.support.DefaultSingletonBeanRegistry::isCurrentlyInCreation (33 bytes)
Event: 12.715 Thread 0x0000029715e92160 nmethod 5400 0x0000029700887308 code [0x0000029700887440, 0x00000297008876a8]
Event: 12.715 Thread 0x0000029715e92160 5401       2       org.springframework.beans.factory.support.AbstractBeanFactory::isActuallyInCreation (22 bytes)
Event: 12.716 Thread 0x0000029715e92160 nmethod 5401 0x0000029700887708 code [0x0000029700887840, 0x00000297008879d8]

GC Heap History (12 events):
Event: 2.512 GC heap before
{Heap before GC invocations=0 (full 0):
 garbage-first heap   total reserved 4155392K, committed 262144K, used 48240K [0x0000000702600000, 0x0000000800000000)
  region size 2048K, 24 young (49152K), 0 survivors (0K)
 Metaspace       used 11733K, committed 11968K, reserved 1114112K
  class space    used 1189K, committed 1280K, reserved 1048576K
}
Event: 2.522 GC heap after
{Heap after GC invocations=1 (full 0):
 garbage-first heap   total reserved 4155392K, committed 262144K, used 9360K [0x0000000702600000, 0x0000000800000000)
  region size 2048K, 3 young (6144K), 3 survivors (6144K)
 Metaspace       used 11733K, committed 11968K, reserved 1114112K
  class space    used 1189K, committed 1280K, reserved 1048576K
}
Event: 4.621 GC heap before
{Heap before GC invocations=1 (full 0):
 garbage-first heap   total reserved 4155392K, committed 262144K, used 54416K [0x0000000702600000, 0x0000000800000000)
  region size 2048K, 26 young (53248K), 3 survivors (6144K)
 Metaspace       used 21232K, committed 21504K, reserved 1114112K
  class space    used 2069K, committed 2240K, reserved 1048576K
}
Event: 4.634 GC heap after
{Heap after GC invocations=2 (full 0):
 garbage-first heap   total reserved 4155392K, committed 262144K, used 14232K [0x0000000702600000, 0x0000000800000000)
  region size 2048K, 6 young (12288K), 6 survivors (12288K)
 Metaspace       used 21232K, committed 21504K, reserved 1114112K
  class space    used 2069K, committed 2240K, reserved 1048576K
}
Event: 7.619 GC heap before
{Heap before GC invocations=3 (full 0):
 garbage-first heap   total reserved 4155392K, committed 61440K, used 57240K [0x0000000702600000, 0x0000000800000000)
  region size 2048K, 27 young (55296K), 6 survivors (12288K)
 Metaspace       used 28126K, committed 28480K, reserved 1114112K
  class space    used 2863K, committed 3008K, reserved 1048576K
}
Event: 7.640 GC heap after
{Heap after GC invocations=4 (full 0):
 garbage-first heap   total reserved 4155392K, committed 79872K, used 17945K [0x0000000702600000, 0x0000000800000000)
  region size 2048K, 5 young (10240K), 5 survivors (10240K)
 Metaspace       used 28126K, committed 28480K, reserved 1114112K
  class space    used 2863K, committed 3008K, reserved 1048576K
}
Event: 9.300 GC heap before
{Heap before GC invocations=4 (full 0):
 garbage-first heap   total reserved 4155392K, committed 79872K, used 50713K [0x0000000702600000, 0x0000000800000000)
  region size 2048K, 21 young (43008K), 5 survivors (10240K)
 Metaspace       used 35240K, committed 35648K, reserved 1114112K
  class space    used 3670K, committed 3840K, reserved 1048576K
}
Event: 9.316 GC heap after
{Heap after GC invocations=5 (full 0):
 garbage-first heap   total reserved 4155392K, committed 79872K, used 20389K [0x0000000702600000, 0x0000000800000000)
  region size 2048K, 2 young (4096K), 2 survivors (4096K)
 Metaspace       used 35240K, committed 35648K, reserved 1114112K
  class space    used 3670K, committed 3840K, reserved 1048576K
}
Event: 9.426 GC heap before
{Heap before GC invocations=5 (full 0):
 garbage-first heap   total reserved 4155392K, committed 79872K, used 22437K [0x0000000702600000, 0x0000000800000000)
  region size 2048K, 4 young (8192K), 2 survivors (4096K)
 Metaspace       used 35817K, committed 36096K, reserved 1114112K
  class space    used 3734K, committed 3840K, reserved 1048576K
}
Event: 9.431 GC heap after
{Heap after GC invocations=6 (full 0):
 garbage-first heap   total reserved 4155392K, committed 79872K, used 19824K [0x0000000702600000, 0x0000000800000000)
  region size 2048K, 1 young (2048K), 1 survivors (2048K)
 Metaspace       used 35817K, committed 36096K, reserved 1114112K
  class space    used 3734K, committed 3840K, reserved 1048576K
}
Event: 11.969 GC heap before
{Heap before GC invocations=7 (full 0):
 garbage-first heap   total reserved 4155392K, committed 75776K, used 58736K [0x0000000702600000, 0x0000000800000000)
  region size 2048K, 20 young (40960K), 1 survivors (2048K)
 Metaspace       used 50332K, committed 50688K, reserved 1114112K
  class space    used 5224K, committed 5376K, reserved 1048576K
}
Event: 11.977 GC heap after
{Heap after GC invocations=8 (full 0):
 garbage-first heap   total reserved 4155392K, committed 75776K, used 23477K [0x0000000702600000, 0x0000000800000000)
  region size 2048K, 3 young (6144K), 3 survivors (6144K)
 Metaspace       used 50332K, committed 50688K, reserved 1114112K
  class space    used 5224K, committed 5376K, reserved 1048576K
}

Dll operation events (13 events):
Event: 0.026 Loaded shared library C:\Users\barat\.jdks\openjdk-24\bin\java.dll
Event: 0.084 Loaded shared library C:\Users\barat\.jdks\openjdk-24\bin\jsvml.dll
Event: 0.338 Loaded shared library C:\Users\barat\.jdks\openjdk-24\bin\zip.dll
Event: 0.344 Loaded shared library C:\Users\barat\.jdks\openjdk-24\bin\instrument.dll
Event: 0.355 Loaded shared library C:\Users\barat\.jdks\openjdk-24\bin\net.dll
Event: 0.360 Loaded shared library C:\Users\barat\.jdks\openjdk-24\bin\nio.dll
Event: 0.364 Loaded shared library C:\Users\barat\.jdks\openjdk-24\bin\zip.dll
Event: 0.555 Loaded shared library C:\Users\barat\.jdks\openjdk-24\bin\extnet.dll
Event: 0.622 Loaded shared library C:\Users\barat\.jdks\openjdk-24\bin\jimage.dll
Event: 1.212 Loaded shared library C:\Users\barat\.jdks\openjdk-24\bin\management.dll
Event: 1.216 Loaded shared library C:\Users\barat\.jdks\openjdk-24\bin\management_ext.dll
Event: 3.410 Loaded shared library C:\Users\barat\.jdks\openjdk-24\bin\sunmscapi.dll
Event: 9.016 Loaded shared library C:\Users\barat\.jdks\openjdk-24\bin\verify.dll

Deoptimization events (20 events):
Event: 12.335 Thread 0x000002975bc853d0 Uncommon trap: trap_request=0xffffffc6 fr.pc=0x0000029707c7b708 relative=0x0000000000001168
Event: 12.335 Thread 0x000002975bc853d0 Uncommon trap: reason=bimorphic_or_optimized_type_check action=maybe_recompile pc=0x0000029707c7b708 method=org.springframework.core.annotation.AnnotationsScanner.processClassHierarchy(Ljava/lang/Object;[ILjava/lang/Class;Lorg/springframework/core/annotat
Event: 12.335 Thread 0x000002975bc853d0 DEOPT PACKING pc=0x0000029707c7b708 sp=0x000000d6ddafd940
Event: 12.335 Thread 0x000002975bc853d0 DEOPT UNPACKING pc=0x0000029707645c02 sp=0x000000d6ddafd948 mode 2
Event: 12.359 Thread 0x000002975bc853d0 Uncommon trap: trap_request=0xffffff4d fr.pc=0x0000029707d11d78 relative=0x00000000000000d8
Event: 12.359 Thread 0x000002975bc853d0 Uncommon trap: reason=unstable_if action=reinterpret pc=0x0000029707d11d78 method=java.lang.reflect.Method.equals(Ljava/lang/Object;)Z @ 45 c2
Event: 12.360 Thread 0x000002975bc853d0 DEOPT PACKING pc=0x0000029707d11d78 sp=0x000000d6ddafd7c0
Event: 12.360 Thread 0x000002975bc853d0 DEOPT UNPACKING pc=0x0000029707645c02 sp=0x000000d6ddafd748 mode 2
Event: 12.376 Thread 0x000002975bc853d0 Uncommon trap: trap_request=0xffffffc6 fr.pc=0x0000029707c125e4 relative=0x00000000000019e4
Event: 12.376 Thread 0x000002975bc853d0 Uncommon trap: reason=bimorphic_or_optimized_type_check action=maybe_recompile pc=0x0000029707c125e4 method=org.springframework.core.annotation.TypeMappedAnnotation.getValue(IZZ)Ljava/lang/Object; @ 121 c2
Event: 12.377 Thread 0x000002975bc853d0 DEOPT PACKING pc=0x0000029707c125e4 sp=0x000000d6ddafda40
Event: 12.377 Thread 0x000002975bc853d0 DEOPT UNPACKING pc=0x0000029707645c02 sp=0x000000d6ddafd968 mode 2
Event: 12.463 Thread 0x000002975bc853d0 Uncommon trap: trap_request=0xffffff4d fr.pc=0x0000029707c1e8ac relative=0x00000000000000ec
Event: 12.463 Thread 0x000002975bc853d0 Uncommon trap: reason=unstable_if action=reinterpret pc=0x0000029707c1e8ac method=org.springframework.core.ResolvableType.resolveClass()Ljava/lang/Class; @ 38 c2
Event: 12.463 Thread 0x000002975bc853d0 DEOPT PACKING pc=0x0000029707c1e8ac sp=0x000000d6ddaf7a80
Event: 12.463 Thread 0x000002975bc853d0 DEOPT UNPACKING pc=0x0000029707645c02 sp=0x000000d6ddaf7a00 mode 2
Event: 12.495 Thread 0x000002975bc853d0 Uncommon trap: trap_request=0xffffff4d fr.pc=0x0000029707c7648c relative=0x000000000000038c
Event: 12.495 Thread 0x000002975bc853d0 Uncommon trap: reason=unstable_if action=reinterpret pc=0x0000029707c7648c method=org.springframework.core.annotation.TypeMappedAnnotations$MergedAnnotationFinder.doWithAnnotations(Ljava/lang/Object;ILjava/lang/Object;[Ljava/lang/annotation/Annotation;)Lo
Event: 12.495 Thread 0x000002975bc853d0 DEOPT PACKING pc=0x0000029707c7648c sp=0x000000d6ddaf79c0
Event: 12.495 Thread 0x000002975bc853d0 DEOPT UNPACKING pc=0x0000029707645c02 sp=0x000000d6ddaf7900 mode 2

Classes loaded (20 events):
Event: 12.287 Loading class java/util/regex/PatternSyntaxException
Event: 12.287 Loading class java/util/regex/PatternSyntaxException done
Event: 12.297 Loading class java/util/Comparators$NullComparator
Event: 12.297 Loading class java/util/Comparators$NullComparator done
Event: 12.345 Loading class java/util/AbstractList$SubList
Event: 12.346 Loading class java/util/AbstractList$SubList done
Event: 12.346 Loading class java/util/AbstractList$SubList$1
Event: 12.347 Loading class java/util/AbstractList$SubList$1 done
Event: 12.460 Loading class sun/reflect/generics/reflectiveObjects/GenericArrayTypeImpl
Event: 12.460 Loading class sun/reflect/generics/reflectiveObjects/GenericArrayTypeImpl done
Event: 12.503 Loading class java/lang/runtime/ObjectMethods
Event: 12.503 Loading class java/lang/runtime/ObjectMethods done
Event: 12.537 Loading class java/util/EnumMap$EntrySet
Event: 12.537 Loading class java/util/EnumMap$EntrySet done
Event: 12.538 Loading class java/util/EnumMap$EntryIterator
Event: 12.538 Loading class java/util/EnumMap$EnumMapIterator
Event: 12.538 Loading class java/util/EnumMap$EnumMapIterator done
Event: 12.538 Loading class java/util/EnumMap$EntryIterator done
Event: 12.540 Loading class java/lang/SafeVarargs
Event: 12.540 Loading class java/lang/SafeVarargs done

Classes unloaded (0 events):
No events

Classes redefined (0 events):
No events

Internal exceptions (20 events):
Event: 10.620 Thread 0x000002975bc853d0 Exception <a 'java/lang/NoSuchMethodError'{0x0000000705acc1d8}: 'java.lang.Object java.lang.invoke.Invokers$Holder.invoke_MT(java.lang.Object, java.lang.Object, java.lang.Object, java.lang.Object, java.lang.Object, java.lang.Object)'> (0x0000000705acc1d8) 
thrown [s\open\src\hotspot\share\interpreter\linkResolver.cpp, line 805]
Event: 10.989 Thread 0x000002975bc853d0 Exception <a 'java/lang/NoSuchMethodError'{0x000000070544a610}: 'java.lang.Object java.lang.invoke.DirectMethodHandle$Holder.invokeStaticInit(java.lang.Object, java.lang.Object, java.lang.Object, java.lang.Object)'> (0x000000070544a610) 
thrown [s\open\src\hotspot\share\interpreter\linkResolver.cpp, line 805]
Event: 11.036 Thread 0x000002975bc853d0 Exception <a 'java/lang/NoSuchMethodError'{0x0000000705544c70}: 'int java.lang.invoke.Invokers$Holder.invokeExact_MT(java.lang.Object, java.lang.Object)'> (0x0000000705544c70) 
thrown [s\open\src\hotspot\share\interpreter\linkResolver.cpp, line 805]
Event: 11.593 Thread 0x000002975bc853d0 Exception <a 'java/lang/IncompatibleClassChangeError'{0x0000000704983f88}: Found class java.lang.Object, but interface was expected> (0x0000000704983f88) 
thrown [s\open\src\hotspot\share\interpreter\linkResolver.cpp, line 872]
Event: 11.664 Thread 0x000002975bc853d0 Exception <a 'java/lang/NoSuchMethodError'{0x000000070465bfc0}: 'java.lang.Object java.lang.invoke.DirectMethodHandle$Holder.invokeStatic(java.lang.Object, java.lang.Object, int, java.lang.Object)'> (0x000000070465bfc0) 
thrown [s\open\src\hotspot\share\interpreter\linkResolver.cpp, line 805]
Event: 11.664 Thread 0x000002975bc853d0 Exception <a 'java/lang/NoSuchMethodError'{0x0000000704664160}: 'java.lang.Object java.lang.invoke.DirectMethodHandle$Holder.invokeStaticInit(java.lang.Object, java.lang.Object, int, java.lang.Object)'> (0x0000000704664160) 
thrown [s\open\src\hotspot\share\interpreter\linkResolver.cpp, line 805]
Event: 11.879 Thread 0x000002975bc853d0 Exception <a 'java/lang/NoSuchMethodError'{0x00000007043b1bd8}: 'void java.lang.invoke.DirectMethodHandle$Holder.invokeInterface(java.lang.Object, java.lang.Object)'> (0x00000007043b1bd8) 
thrown [s\open\src\hotspot\share\interpreter\linkResolver.cpp, line 805]
Event: 12.089 Thread 0x000002975bc853d0 Exception <a 'java/lang/NoSuchMethodError'{0x000000070f4035d0}: 'java.lang.Object java.lang.invoke.DirectMethodHandle$Holder.newInvokeSpecial(java.lang.Object, java.lang.Object, java.lang.Object, java.lang.Object, java.lang.Object, java.lang.Object, java.lang.Object, java.lang.Object)'> (0x000000070f4035d0) 
thrown [s\open\src\hotspot\share\interpreter\linkResolver.cpp, line 805]
Event: 12.180 Thread 0x000002975bc853d0 Exception <a 'java/io/IOException'{0x000000070ea10a50}> (0x000000070ea10a50) 
thrown [s\open\src\hotspot\share\prims\jni.cpp, line 518]
Event: 12.504 Thread 0x000002975bc853d0 Exception <a 'java/lang/NoSuchMethodError'{0x000000070e416b68}: 'java.lang.Object java.lang.invoke.DirectMethodHandle$Holder.invokeStaticInit(java.lang.Object, java.lang.Object, java.lang.Object, java.lang.Object, java.lang.Object, java.lang.Object, java.lang.Object)'> (0x000000070e416b68) 
thrown [s\open\src\hotspot\share\interpreter\linkResolver.cpp, line 805]
Event: 12.507 Thread 0x000002975bc853d0 Exception <a 'java/lang/NoSuchMethodError'{0x000000070e431748}: 'int java.lang.invoke.DirectMethodHandle$Holder.invokeStaticInit(java.lang.Object, int, int)'> (0x000000070e431748) 
thrown [s\open\src\hotspot\share\interpreter\linkResolver.cpp, line 805]
Event: 12.508 Thread 0x000002975bc853d0 Exception <a 'java/lang/NoSuchMethodError'{0x000000070e442978}: 'int java.lang.invoke.DirectMethodHandle$Holder.invokeStaticInit(java.lang.Object, long, long)'> (0x000000070e442978) 
thrown [s\open\src\hotspot\share\interpreter\linkResolver.cpp, line 805]
Event: 12.509 Thread 0x000002975bc853d0 Exception <a 'java/lang/NoSuchMethodError'{0x000000070e453620}: 'int java.lang.invoke.DirectMethodHandle$Holder.invokeStaticInit(java.lang.Object, float, float)'> (0x000000070e453620) 
thrown [s\open\src\hotspot\share\interpreter\linkResolver.cpp, line 805]
Event: 12.511 Thread 0x000002975bc853d0 Exception <a 'java/lang/NoSuchMethodError'{0x000000070e4642c0}: 'int java.lang.invoke.DirectMethodHandle$Holder.invokeStaticInit(java.lang.Object, double, double)'> (0x000000070e4642c0) 
thrown [s\open\src\hotspot\share\interpreter\linkResolver.cpp, line 805]
Event: 12.511 Thread 0x000002975bc853d0 Exception <a 'java/lang/NoSuchMethodError'{0x000000070e46dc58}: 'int java.lang.invoke.DirectMethodHandle$Holder.invokeStatic(java.lang.Object, long)'> (0x000000070e46dc58) 
thrown [s\open\src\hotspot\share\interpreter\linkResolver.cpp, line 805]
Event: 12.513 Thread 0x000002975bc853d0 Exception <a 'java/lang/NoSuchMethodError'{0x000000070e487160}: 'java.lang.Object java.lang.invoke.DirectMethodHandle$Holder.invokeStatic(java.lang.Object, long)'> (0x000000070e487160) 
thrown [s\open\src\hotspot\share\interpreter\linkResolver.cpp, line 805]
Event: 12.514 Thread 0x000002975bc853d0 Exception <a 'java/lang/NoSuchMethodError'{0x000000070e490408}: 'java.lang.Object java.lang.invoke.DirectMethodHandle$Holder.invokeStatic(java.lang.Object, float)'> (0x000000070e490408) 
thrown [s\open\src\hotspot\share\interpreter\linkResolver.cpp, line 805]
Event: 12.519 Thread 0x000002975bc853d0 Exception <a 'java/lang/NoSuchMethodError'{0x000000070e4c9270}: 'int java.lang.invoke.Invokers$Holder.linkToTargetMethod(java.lang.Object, java.lang.Object)'> (0x000000070e4c9270) 
thrown [s\open\src\hotspot\share\interpreter\linkResolver.cpp, line 805]
Event: 12.522 Thread 0x000002975bc853d0 Exception <a 'java/lang/NoSuchMethodError'{0x000000070e4dc4f8}: 'void java.lang.invoke.Invokers$Holder.invokeExact_MT(java.lang.Object, java.lang.Object, java.lang.Object, java.lang.Object)'> (0x000000070e4dc4f8) 
thrown [s\open\src\hotspot\share\interpreter\linkResolver.cpp, line 805]
Event: 12.590 Thread 0x000002975bc853d0 Exception <a 'java/lang/IncompatibleClassChangeError'{0x0000000705aa5b20}: Found class java.lang.Object, but interface was expected> (0x0000000705aa5b20) 
thrown [s\open\src\hotspot\share\interpreter\linkResolver.cpp, line 872]

VM Operations (20 events):
Event: 10.052 Executing VM operation: HandshakeAllThreads (Deoptimize)
Event: 10.052 Executing VM operation: HandshakeAllThreads (Deoptimize) done
Event: 10.512 Executing VM operation: HandshakeAllThreads (Deoptimize)
Event: 10.512 Executing VM operation: HandshakeAllThreads (Deoptimize) done
Event: 10.628 Executing VM operation: HandshakeAllThreads (Deoptimize)
Event: 10.628 Executing VM operation: HandshakeAllThreads (Deoptimize) done
Event: 10.630 Executing VM operation: HandshakeAllThreads (Deoptimize)
Event: 10.630 Executing VM operation: HandshakeAllThreads (Deoptimize) done
Event: 11.969 Executing VM operation: G1CollectForAllocation (G1 Evacuation Pause)
Event: 11.977 Executing VM operation: G1CollectForAllocation (G1 Evacuation Pause) done
Event: 12.189 Executing VM operation: HandshakeAllThreads (Deoptimize)
Event: 12.189 Executing VM operation: HandshakeAllThreads (Deoptimize) done
Event: 12.262 Executing VM operation: HandshakeAllThreads (Deoptimize)
Event: 12.262 Executing VM operation: HandshakeAllThreads (Deoptimize) done
Event: 12.337 Executing VM operation: HandshakeAllThreads (Deoptimize)
Event: 12.338 Executing VM operation: HandshakeAllThreads (Deoptimize) done
Event: 12.339 Executing VM operation: HandshakeAllThreads (Deoptimize)
Event: 12.339 Executing VM operation: HandshakeAllThreads (Deoptimize) done
Event: 12.611 Executing VM operation: HandshakeAllThreads (Deoptimize)
Event: 12.611 Executing VM operation: HandshakeAllThreads (Deoptimize) done

Memory protections (0 events):
No events

Nmethod flushes (20 events):
Event: 9.486 Thread 0x0000029715e77950 flushing  nmethod 0x00000297000e6188
Event: 9.486 Thread 0x0000029715e77950 flushing  nmethod 0x0000029700111708
Event: 9.486 Thread 0x0000029715e77950 flushing  nmethod 0x0000029700117608
Event: 9.486 Thread 0x0000029715e77950 flushing  nmethod 0x0000029700176188
Event: 9.486 Thread 0x0000029715e77950 flushing  nmethod 0x0000029700176b88
Event: 9.486 Thread 0x0000029715e77950 flushing  nmethod 0x00000297001ba588
Event: 9.486 Thread 0x0000029715e77950 flushing  nmethod 0x00000297001bbe88
Event: 9.486 Thread 0x0000029715e77950 flushing  nmethod 0x00000297001f9208
Event: 9.486 Thread 0x0000029715e77950 flushing  nmethod 0x00000297001ff608
Event: 9.486 Thread 0x0000029715e77950 flushing  nmethod 0x0000029700200108
Event: 9.486 Thread 0x0000029715e77950 flushing  nmethod 0x0000029700200408
Event: 9.486 Thread 0x0000029715e77950 flushing  nmethod 0x0000029700200988
Event: 9.486 Thread 0x0000029715e77950 flushing  nmethod 0x0000029700258508
Event: 9.486 Thread 0x0000029715e77950 flushing  nmethod 0x00000297002bbc08
Event: 9.486 Thread 0x0000029715e77950 flushing  nmethod 0x00000297002fd088
Event: 9.486 Thread 0x0000029715e77950 flushing osr nmethod 0x00000297003c6388
Event: 9.486 Thread 0x0000029715e77950 flushing  nmethod 0x0000029700414808
Event: 9.486 Thread 0x0000029715e77950 flushing  nmethod 0x0000029700415688
Event: 9.486 Thread 0x0000029715e77950 flushing  nmethod 0x0000029700416088
Event: 9.486 Thread 0x0000029715e77950 flushing  nmethod 0x0000029700419008

Events (20 events):
Event: 0.383 Thread 0x0000029715e92160 Thread added: 0x000002975b230460
Event: 0.531 Thread 0x00000297745b5900 Thread added: 0x000002975b348c30
Event: 0.531 Thread 0x00000297745b5900 Thread added: 0x000002975b349370
Event: 1.323 Thread 0x00000297745b5900 Thread added: 0x000002975bc814d0
Event: 1.330 Thread 0x000002975bc814d0 Thread added: 0x000002975bc853d0
Event: 2.286 Thread 0x000002975bc853d0 Thread added: 0x000002975bf30360
Event: 3.184 Thread 0x000002975bc853d0 Thread added: 0x000002975c0fc7e0
Event: 3.374 Thread 0x000002975c0fc7e0 Thread exited: 0x000002975c0fc7e0
Event: 3.419 Thread 0x000002975bf30360 Thread exited: 0x000002975bf30360
Event: 3.457 Thread 0x0000029715e92160 Thread added: 0x000002975c0a5fa0
Event: 7.791 Thread 0x000002975bc853d0 Thread added: 0x000002975c2c5bf0
Event: 7.795 Thread 0x000002975c2c5bf0 Thread added: 0x000002975c2c6340
Event: 7.822 Thread 0x000002975bc853d0 Thread added: 0x000002975c2c4600
Event: 7.878 Thread 0x000002975bc853d0 Thread added: 0x000002975e41d960
Event: 10.700 Thread 0x000002975bc853d0 Thread added: 0x000002975e41cac0
Event: 10.806 Thread 0x000002975e41cac0 Thread added: 0x000002975e41f6a0
Event: 11.850 Thread 0x000002975c0a5fa0 Thread exited: 0x000002975c0a5fa0
Event: 11.850 Thread 0x000002975b230460 Thread exited: 0x000002975b230460
Event: 11.990 Thread 0x0000029715e92160 Thread added: 0x000002975de46460
Event: 11.990 Thread 0x0000029715e92160 Thread added: 0x000002975de482a0


Dynamic libraries:
0x00007ff6fde10000 - 0x00007ff6fde1e000 	C:\Users\barat\.jdks\openjdk-24\bin\java.exe
0x00007ffbcfae0000 - 0x00007ffbcfd43000 	C:\WINDOWS\SYSTEM32\ntdll.dll
0x00007ffbce760000 - 0x00007ffbce827000 	C:\WINDOWS\System32\KERNEL32.DLL
0x00007ffbccee0000 - 0x00007ffbcd290000 	C:\WINDOWS\System32\KERNELBASE.dll
0x00007ffbcd2a0000 - 0x00007ffbcd3eb000 	C:\WINDOWS\System32\ucrtbase.dll
0x00007ffbb88b0000 - 0x00007ffbb88c6000 	C:\Users\barat\.jdks\openjdk-24\bin\jli.dll
0x00007ffbbaa40000 - 0x00007ffbbaa5b000 	C:\Users\barat\.jdks\openjdk-24\bin\VCRUNTIME140.dll
0x00007ffbce920000 - 0x00007ffbceae3000 	C:\WINDOWS\System32\USER32.dll
0x00007ffbcd4a0000 - 0x00007ffbcd4c7000 	C:\WINDOWS\System32\win32u.dll
0x00007ffba7410000 - 0x00007ffba76a0000 	C:\WINDOWS\WinSxS\amd64_microsoft.windows.common-controls_6595b64144ccf1df_6.0.26100.1882_none_3e0e949ae32eca40\COMCTL32.dll
0x00007ffbcf260000 - 0x00007ffbcf28a000 	C:\WINDOWS\System32\GDI32.dll
0x00007ffbcecc0000 - 0x00007ffbced69000 	C:\WINDOWS\System32\msvcrt.dll
0x00007ffbcd770000 - 0x00007ffbcd893000 	C:\WINDOWS\System32\gdi32full.dll
0x00007ffbcd3f0000 - 0x00007ffbcd493000 	C:\WINDOWS\System32\msvcp_win.dll
0x00007ffbce830000 - 0x00007ffbce85f000 	C:\WINDOWS\System32\IMM32.DLL
0x00007ffbcc6b0000 - 0x00007ffbcc6bc000 	C:\Users\barat\.jdks\openjdk-24\bin\vcruntime140_1.dll
0x00007ffbaa420000 - 0x00007ffbaa4ae000 	C:\Users\barat\.jdks\openjdk-24\bin\msvcp140.dll
0x00007ffb56280000 - 0x00007ffb57022000 	C:\Users\barat\.jdks\openjdk-24\bin\server\jvm.dll
0x00007ffbcf070000 - 0x00007ffbcf124000 	C:\WINDOWS\System32\ADVAPI32.dll
0x00007ffbcefc0000 - 0x00007ffbcf066000 	C:\WINDOWS\System32\sechost.dll
0x00007ffbcf140000 - 0x00007ffbcf256000 	C:\WINDOWS\System32\RPCRT4.dll
0x00007ffbceb50000 - 0x00007ffbcebc4000 	C:\WINDOWS\System32\WS2_32.dll
0x00007ffbcc780000 - 0x00007ffbcc7ce000 	C:\WINDOWS\SYSTEM32\POWRPROF.dll
0x00007ffbb80d0000 - 0x00007ffbb8106000 	C:\WINDOWS\SYSTEM32\WINMM.dll
0x00007ffbc1410000 - 0x00007ffbc141b000 	C:\WINDOWS\SYSTEM32\VERSION.dll
0x00007ffbcc320000 - 0x00007ffbcc334000 	C:\WINDOWS\SYSTEM32\UMPDC.dll
0x00007ffbcb470000 - 0x00007ffbcb48a000 	C:\WINDOWS\SYSTEM32\kernel.appcore.dll
0x00007ffbb88a0000 - 0x00007ffbb88aa000 	C:\Users\barat\.jdks\openjdk-24\bin\jimage.dll
0x00007ffbcc7e0000 - 0x00007ffbcca21000 	C:\WINDOWS\SYSTEM32\DBGHELP.DLL
0x00007ffbcf720000 - 0x00007ffbcfa9c000 	C:\WINDOWS\System32\combase.dll
0x00007ffbcd9e0000 - 0x00007ffbcdab6000 	C:\WINDOWS\System32\OLEAUT32.dll
0x00007ffbcc640000 - 0x00007ffbcc679000 	C:\WINDOWS\SYSTEM32\dbgcore.DLL
0x00007ffbcd6d0000 - 0x00007ffbcd769000 	C:\WINDOWS\System32\bcryptPrimitives.dll
0x00007ffbb8890000 - 0x00007ffbb889f000 	C:\Users\barat\.jdks\openjdk-24\bin\instrument.dll
0x00007ffbb8870000 - 0x00007ffbb888e000 	C:\Users\barat\.jdks\openjdk-24\bin\java.dll
0x00007ffbce5c0000 - 0x00007ffbce759000 	C:\WINDOWS\System32\ole32.dll
0x00007ffbcdb40000 - 0x00007ffbce238000 	C:\WINDOWS\System32\SHELL32.dll
0x00007ffbca200000 - 0x00007ffbcaa2a000 	C:\WINDOWS\SYSTEM32\windows.storage.dll
0x00007ffbcebe0000 - 0x00007ffbcecb3000 	C:\WINDOWS\System32\SHCORE.dll
0x00007ffbce8c0000 - 0x00007ffbce91d000 	C:\WINDOWS\System32\shlwapi.dll
0x00007ffbcce00000 - 0x00007ffbcce29000 	C:\WINDOWS\SYSTEM32\profapi.dll
0x00007ffb7e7b0000 - 0x00007ffb7e887000 	C:\Users\barat\.jdks\openjdk-24\bin\jsvml.dll
0x00007ffbb8350000 - 0x00007ffbb8367000 	C:\Users\barat\.jdks\openjdk-24\bin\zip.dll
0x00007ffbb83b0000 - 0x00007ffbb83c0000 	C:\Users\barat\.jdks\openjdk-24\bin\net.dll
0x00007ffbcb910000 - 0x00007ffbcb978000 	C:\WINDOWS\system32\mswsock.dll
0x00007ffbb8390000 - 0x00007ffbb83a6000 	C:\Users\barat\.jdks\openjdk-24\bin\nio.dll
0x00007ffbb8380000 - 0x00007ffbb8389000 	C:\Users\barat\.jdks\openjdk-24\bin\extnet.dll
0x00007ffbb7c30000 - 0x00007ffbb7c3a000 	C:\Users\barat\.jdks\openjdk-24\bin\management.dll
0x00007ffbb3490000 - 0x00007ffbb349b000 	C:\Users\barat\.jdks\openjdk-24\bin\management_ext.dll
0x00007ffbcf130000 - 0x00007ffbcf138000 	C:\WINDOWS\System32\PSAPI.DLL
0x00007ffbb8270000 - 0x00007ffbb827e000 	C:\Users\barat\.jdks\openjdk-24\bin\sunmscapi.dll
0x00007ffbcd550000 - 0x00007ffbcd6c6000 	C:\WINDOWS\System32\CRYPT32.dll
0x00007ffbcc040000 - 0x00007ffbcc070000 	C:\WINDOWS\SYSTEM32\ncrypt.dll
0x00007ffbcbff0000 - 0x00007ffbcc02f000 	C:\WINDOWS\SYSTEM32\NTASN1.dll
0x00007ffbccb40000 - 0x00007ffbccb5c000 	C:\WINDOWS\SYSTEM32\CRYPTSP.dll
0x00007ffbcbd80000 - 0x00007ffbcbdb8000 	C:\WINDOWS\system32\rsaenh.dll
0x00007ffbcb980000 - 0x00007ffbcb9ab000 	C:\WINDOWS\SYSTEM32\USERENV.dll
0x00007ffbcc680000 - 0x00007ffbcc6a6000 	C:\WINDOWS\SYSTEM32\bcrypt.dll
0x00007ffbcbd70000 - 0x00007ffbcbd7c000 	C:\WINDOWS\SYSTEM32\CRYPTBASE.dll
0x00007ffbcaed0000 - 0x00007ffbcaf01000 	C:\WINDOWS\SYSTEM32\IPHLPAPI.DLL
0x00007ffbce2f0000 - 0x00007ffbce2fa000 	C:\WINDOWS\System32\NSI.dll
0x00007ffbaa410000 - 0x00007ffbaa420000 	C:\Users\barat\.jdks\openjdk-24\bin\verify.dll
0x00007ffbcaf60000 - 0x00007ffbcb07f000 	C:\WINDOWS\SYSTEM32\DNSAPI.dll
0x00007ffbc1290000 - 0x00007ffbc129b000 	C:\Windows\System32\rasadhlp.dll
0x00007ffbc0a50000 - 0x00007ffbc0ad6000 	C:\WINDOWS\System32\fwpuclnt.dll

dbghelp: loaded successfully - version: 4.0.5 - missing functions: none
symbol engine: initialized successfully - sym options: 0x614 - pdb path: .;C:\Users\barat\.jdks\openjdk-24\bin;C:\WINDOWS\SYSTEM32;C:\WINDOWS\WinSxS\amd64_microsoft.windows.common-controls_6595b64144ccf1df_6.0.26100.1882_none_3e0e949ae32eca40;C:\Users\barat\.jdks\openjdk-24\bin\server

VM Arguments:
jvm_args: -javaagent:C:\Program Files\JetBrains\IntelliJ IDEA Community Edition 2025.1\lib\idea_rt.jar=54009 -Dfile.encoding=UTF-8 -Dsun.stdout.encoding=UTF-8 -Dsun.stderr.encoding=UTF-8 
java_command: Movie.Booking.BookingApplication
java_class_path (initial): C:\Users\barat\Documents\Booking\target\classes;C:\Users\barat\.m2\repository\org\springframework\boot\spring-boot-starter-data-jpa\3.4.4\spring-boot-starter-data-jpa-3.4.4.jar;C:\Users\barat\.m2\repository\org\springframework\boot\spring-boot-starter\3.4.4\spring-boot-starter-3.4.4.jar;C:\Users\barat\.m2\repository\org\springframework\boot\spring-boot-starter-logging\3.4.4\spring-boot-starter-logging-3.4.4.jar;C:\Users\barat\.m2\repository\ch\qos\logback\logback-classic\1.5.18\logback-classic-1.5.18.jar;C:\Users\barat\.m2\repository\ch\qos\logback\logback-core\1.5.18\logback-core-1.5.18.jar;C:\Users\barat\.m2\repository\org\apache\logging\log4j\log4j-to-slf4j\2.24.3\log4j-to-slf4j-2.24.3.jar;C:\Users\barat\.m2\repository\org\apache\logging\log4j\log4j-api\2.24.3\log4j-api-2.24.3.jar;C:\Users\barat\.m2\repository\org\slf4j\jul-to-slf4j\2.0.17\jul-to-slf4j-2.0.17.jar;C:\Users\barat\.m2\repository\jakarta\annotation\jakarta.annotation-api\2.1.1\jakarta.annotation-api-2.1.1.jar;C:\Users\barat\.m2\repository\org\yaml\snakeyaml\2.3\snakeyaml-2.3.jar;C:\Users\barat\.m2\repository\org\springframework\boot\spring-boot-starter-jdbc\3.4.4\spring-boot-starter-jdbc-3.4.4.jar;C:\Users\barat\.m2\repository\com\zaxxer\HikariCP\5.1.0\HikariCP-5.1.0.jar;C:\Users\barat\.m2\repository\org\springframework\spring-jdbc\6.2.5\spring-jdbc-6.2.5.jar;C:\Users\barat\.m2\repository\org\hibernate\orm\hibernate-core\6.6.11.Final\hibernate-core-6.6.11.Final.jar;C:\Users\barat\.m2\repository\jakarta\persistence\jakarta.persistence-api\3.1.0\jakarta.persistence-api-3.1.0.jar;C:\Users\barat\.m2\repository\jakarta\transaction\jakarta.transaction-api\2.0.1\jakarta.transaction-api-2.0.1.jar;C:\Users\barat\.m2\repository\org\jboss\logging\jboss-logging\3.6.1.Final\jboss-logging-3.6.1.Final.jar;C:\Users\barat\.m2\repository\org\hibernate\common\hibernate-commons-annotations\7.0.3.Final\hibernate-commons-annotations-7.0.3.Final.jar;C:\Users\barat\.m2\repository\io\smallrye\jandex\3.2.0\jandex-3.2.0.jar;C:\Users\barat\.m2\repository\com\fasterxml\classmate\1.7.0\classmate-1.7.0.jar;C:\Users\barat\.m2\repository\net\bytebuddy\byte-buddy\1.15.11\byte-buddy-1.15.11.jar;C:\Users\barat\.m2\repository\org\glassfish\jaxb\jaxb-runtime\4.0.5\jaxb-runtime-4.0.5.jar;C:\Users\barat\.m2\repository\org\glassfish\jaxb\jaxb-core\4.0.5\jaxb-core-4.0.5.jar;C:\Users\barat\.m2\repository\org\eclipse\angus\angus-activation\2.0.2\angus-activation-2.0.2.jar;C:\Users\barat\.m2\repository\org\glassfish\jaxb\txw2\4.0.5\txw2-4.0.5.jar;C:\Users\barat\.m2\repository\com\sun\istack\istack-commons-runtime\4.1.2\istack-commons-runtime-4.1.2.jar;C:\Users\barat\.m2\repository\jakarta\inject\jakarta.inject-api\2.0.1\jakarta.inject-api-2.0.1.jar;C:\Users\barat\.m2\repository\org\antlr\antlr4-runtime\4.13.0\antlr4-runtime-4.13.0.jar;C:\Users\barat\.m2\repository\org\springframework\data\spring-data-jpa\3.4.4\spring-data-jpa-3.4.4.jar;C:\Users\barat\.m2\repository\org\springframework\data\spring-data-commons\3.4.4\spring-data-commons-3.4.4.jar;C:\Users\barat\.m2\repository\org\springframework\spring-orm\6.2.5\spring-orm-6.2.5.jar;C:\Users\barat\.m2\repository\org\springframework\spring-context\6.2.5\spring-context-6.2.5.jar;C:\Users\barat\.m2\repository\org\springframework\spring-aop\6.2.5\spring-aop-6.2.5.jar;C:\Users\barat\.m2\repository\org\springframework\spring-tx\6.2.5\spring-tx-6.2.5.jar;C:\Users\barat\.m2\repository\org\springframework\spring-beans\6.2.5\spring-beans-6.2.5.jar;C:\Users\barat\.m2\repository\org\slf4j\slf4j-api\2.0.17\slf4j-api-2.0.17.jar;C:\Users\barat\.m2\repository\org\springframework\spring-aspects\6.2.5\spring-aspects-6.2.5.jar;C:\Users\barat\.m2\repository\org\aspectj\aspectjweaver\1.9.23\aspectjweaver-1.9.23.jar;C:\Users\barat\.m2\repository\org\springframework\boot\spring-boot-starter-thymeleaf\3.4.4\spring-boot-starter-thymeleaf-3.4.4.jar;C:\Users\barat\.m2\repository\org\thymeleaf\thymeleaf-spring6\3.1.3.RELEASE\thymeleaf-spring6-3.1.3.RELEASE.jar;C:\Users\barat\.m2\repository\org\thymeleaf\thymeleaf\3.1.3.RELEASE\thymeleaf-3.1.3.RELEASE.jar;C:\Users\barat\.m2\repository\org\attoparser\attoparser\2.0.7.RELEASE\attoparser-2.0.7.RELEASE.jar;C:\Users\barat\.m2\repository\org\unbescape\unbescape\1.1.6.RELEASE\unbescape-1.1.6.RELEASE.jar;C:\Users\barat\.m2\repository\org\springframework\boot\spring-boot-starter-web\3.4.4\spring-boot-starter-web-3.4.4.jar;C:\Users\barat\.m2\repository\org\springframework\boot\spring-boot-starter-json\3.4.4\spring-boot-starter-json-3.4.4.jar;C:\Users\barat\.m2\repository\com\fasterxml\jackson\core\jackson-databind\2.18.3\jackson-databind-2.18.3.jar;C:\Users\barat\.m2\repository\com\fasterxml\jackson\core\jackson-annotations\2.18.3\jackson-annotations-2.18.3.jar;C:\Users\barat\.m2\repository\com\fasterxml\jackson\core\jackson-core\2.18.3\jackson-core-2.18.3.jar;C:\Users\barat\.m2\repository\com\fasterxml\jackson\datatype\jackson-datatype-jdk8\2.18.3\jackson-datatype-jdk8-2.18.3.jar;C:\Users\barat\.m2\repository\com\fasterxml\jackson\datatype\jackson-datatype-jsr310\2.18.3\jackson-datatype-jsr310-2.18.3.jar;C:\Users\barat\.m2\repository\com\fasterxml\jackson\module\jackson-module-parameter-names\2.18.3\jackson-module-parameter-names-2.18.3.jar;C:\Users\barat\.m2\repository\org\springframework\boot\spring-boot-starter-tomcat\3.4.4\spring-boot-starter-tomcat-3.4.4.jar;C:\Users\barat\.m2\repository\org\apache\tomcat\embed\tomcat-embed-core\10.1.39\tomcat-embed-core-10.1.39.jar;C:\Users\barat\.m2\repository\org\apache\tomcat\embed\tomcat-embed-el\10.1.39\tomcat-embed-el-10.1.39.jar;C:\Users\barat\.m2\repository\org\apache\tomcat\embed\tomcat-embed-websocket\10.1.39\tomcat-embed-websocket-10.1.39.jar;C:\Users\barat\.m2\repository\org\springframework\spring-web\6.2.5\spring-web-6.2.5.jar;C:\Users\barat\.m2\repository\io\micrometer\micrometer-observation\1.14.5\micrometer-observation-1.14.5.jar;C:\Users\barat\.m2\repository\io\micrometer\micrometer-commons\1.14.5\micrometer-commons-1.14.5.jar;C:\Users\barat\.m2\repository\org\springframework\spring-webmvc\6.2.5\spring-webmvc-6.2.5.jar;C:\Users\barat\.m2\repository\org\springframework\spring-expression\6.2.5\spring-expression-6.2.5.jar;C:\Users\barat\.m2\repository\org\springframework\boot\spring-boot-devtools\3.4.4\spring-boot-devtools-3.4.4.jar;C:\Users\barat\.m2\repository\org\springframework\boot\spring-boot\3.4.4\spring-boot-3.4.4.jar;C:\Users\barat\.m2\repository\org\springframework\boot\spring-boot-autoconfigure\3.4.4\spring-boot-autoconfigure-3.4.4.jar;C:\Users\barat\.m2\repository\com\mysql\mysql-connector-j\9.1.0\mysql-connector-j-9.1.0.jar;C:\Users\barat\.m2\repository\jakarta\xml\bind\jakarta.xml.bind-api\4.0.2\jakarta.xml.bind-api-4.0.2.jar;C:\Users\barat\.m2\repository\jakarta\activation\jakarta.activation-api\2.1.3\jakarta.activation-api-2.1.3.jar;C:\Users\barat\.m2\repository\org\springframework\spring-core\6.2.5\spring-core-6.2.5.jar;C:\Users\barat\.m2\repository\org\springframework\spring-jcl\6.2.5\spring-jcl-6.2.5.jar
Launcher Type: SUN_STANDARD

[Global flags]
     intx CICompilerCount                          = 4                                         {product} {ergonomic}
     uint ConcGCThreads                            = 2                                         {product} {ergonomic}
     uint G1ConcRefinementThreads                  = 8                                         {product} {ergonomic}
   size_t G1HeapRegionSize                         = 2097152                                   {product} {ergonomic}
   size_t InitialHeapSize                          = 266338304                                 {product} {ergonomic}
   size_t MarkStackSize                            = 4194304                                   {product} {ergonomic}
   size_t MarkStackSizeMax                         = 536870912                                 {product} {ergonomic}
   size_t MaxHeapSize                              = 4255121408                                {product} {ergonomic}
   size_t MaxNewSize                               = 2552233984                                {product} {ergonomic}
   size_t MinHeapDeltaBytes                        = 2097152                                   {product} {ergonomic}
   size_t MinHeapSize                              = 8388608                                   {product} {ergonomic}
    uintx NonNMethodCodeHeapSize                   = 5832704                                {pd product} {ergonomic}
    uintx NonProfiledCodeHeapSize                  = 122945536                              {pd product} {ergonomic}
    uintx ProfiledCodeHeapSize                     = 122880000                              {pd product} {ergonomic}
    uintx ReservedCodeCacheSize                    = 251658240                              {pd product} {ergonomic}
     bool SegmentedCodeCache                       = true                                      {product} {ergonomic}
   size_t SoftMaxHeapSize                          = 4255121408                             {manageable} {ergonomic}
     bool UseCompressedOops                        = true                           {product lp64_product} {ergonomic}
     bool UseG1GC                                  = true                                      {product} {ergonomic}
     bool UseLargePagesIndividualAllocation        = false                                  {pd product} {ergonomic}

Logging:
Log output configuration:
 #0: stdout all=warning uptime,level,tags foldmultilines=false
 #1: stderr all=off uptime,level,tags foldmultilines=false

Environment Variables:
PATH=C:\WINDOWS\system32;C:\WINDOWS;C:\WINDOWS\System32\Wbem;C:\WINDOWS\System32\WindowsPowerShell\v1.0\;C:\WINDOWS\System32\OpenSSH\;C:\Program Files\MySQL\MySQL Shell 8.0\bin\;C:\Users\barat\AppData\Local\Microsoft\WindowsApps;C:\Users\barat\AppData\Local\Programs\Microsoft VS Code\bin;C:\Program Files\JetBrains\WebStorm 2025.1\bin;;C:\Program Files\JetBrains\IntelliJ IDEA Community Edition 2025.1\bin;
USERNAME=barat
OS=Windows_NT
PROCESSOR_IDENTIFIER=Intel64 Family 6 Model 142 Stepping 10, GenuineIntel
TMP=C:\Users\barat\AppData\Local\Temp
TEMP=C:\Users\barat\AppData\Local\Temp




Periodic native trim disabled

---------------  S Y S T E M  ---------------

OS:
 Windows 11 , 64 bit Build 26100 (10.0.26100.1882)
OS uptime: 1 days 13:05 hours
Hyper-V role detected

CPU: total 8 (initial active 8) (4 cores per cpu, 2 threads per core) family 6 model 142 stepping 10 microcode 0xf6, cx8, cmov, fxsr, ht, mmx, 3dnowpref, sse, sse2, sse3, ssse3, sse4.1, sse4.2, popcnt, lzcnt, tsc, tscinvbit, avx, avx2, aes, erms, clmul, bmi1, bmi2, rtm, adx, fma, vzeroupper, clflush, clflushopt, hv, rdtscp, f16c
Processor Information for processor 0
  Max Mhz: 1896, Current Mhz: 1696, Mhz Limit: 1687
Processor Information for processor 1
  Max Mhz: 1896, Current Mhz: 1696, Mhz Limit: 1687
Processor Information for processor 2
  Max Mhz: 1896, Current Mhz: 1696, Mhz Limit: 1687
Processor Information for processor 3
  Max Mhz: 1896, Current Mhz: 1696, Mhz Limit: 1687
Processor Information for processor 4
  Max Mhz: 1896, Current Mhz: 1696, Mhz Limit: 1687
Processor Information for processor 5
  Max Mhz: 1896, Current Mhz: 1496, Mhz Limit: 1687
Processor Information for processor 6
  Max Mhz: 1896, Current Mhz: 1696, Mhz Limit: 1687
Processor Information for processor 7
  Max Mhz: 1896, Current Mhz: 1696, Mhz Limit: 1687

Memory: 4k page, system-wide physical 16227M (7065M free)
TotalPageFile size 19171M (AvailPageFile size 9602M)
current process WorkingSet (physical memory assigned to process): 262M, peak: 262M
current process commit charge ("private bytes"): 298M, peak: 405M

vm_info: OpenJDK 64-Bit Server VM (24+36-3646) for windows-amd64 JRE (24+36-3646), built on 2025-02-06T00:20:43Z with MS VC++ 17.6 (VS2022)

END.
